ERROR - 2025-05-24 12:29:37 --> mysqli_sql_exception: Invalid default value for 'created_at' in C:\xampp\htdocs\githubProject\techmobile\system\Database\MySQLi\Connection.php:327
Stack trace:
#0 C:\xampp\htdocs\githubProject\techmobile\system\Database\MySQLi\Connection.php(327): mysqli->query('CREATE TABLE `u...', 0)
#1 C:\xampp\htdocs\githubProject\techmobile\system\Database\BaseConnection.php(738): CodeIgniter\Database\MySQLi\Connection->execute('CREATE TABLE `u...')
#2 C:\xampp\htdocs\githubProject\techmobile\system\Database\BaseConnection.php(652): CodeIgniter\Database\BaseConnection->simpleQuery('CREATE TABLE `u...')
#3 C:\xampp\htdocs\githubProject\techmobile\system\Database\Forge.php(570): CodeIgniter\Database\BaseConnection->query('CREATE TABLE `u...')
#4 C:\xampp\htdocs\githubProject\techmobile\app\Database\Migrations\2025-05-24-120835_CreateUsersTable.php(25): CodeIgniter\Database\Forge->createTable('users')
#5 C:\xampp\htdocs\githubProject\techmobile\system\Database\MigrationRunner.php(866): App\Database\Migrations\CreateUsersTable->up()
#6 C:\xampp\htdocs\githubProject\techmobile\system\Database\MigrationRunner.php(182): CodeIgniter\Database\MigrationRunner->migrate('up', Object(stdClass))
#7 C:\xampp\htdocs\githubProject\techmobile\system\Commands\Database\Migrate.php(85): CodeIgniter\Database\MigrationRunner->latest(NULL)
#8 C:\xampp\htdocs\githubProject\techmobile\system\CLI\Commands.php(70): CodeIgniter\Commands\Database\Migrate->run(Array)
#9 C:\xampp\htdocs\githubProject\techmobile\system\CLI\Console.php(48): CodeIgniter\CLI\Commands->run('migrate', Array)
#10 C:\xampp\htdocs\githubProject\techmobile\system\Boot.php(360): CodeIgniter\CLI\Console->run()
#11 C:\xampp\htdocs\githubProject\techmobile\system\Boot.php(104): CodeIgniter\Boot::runCommand(Object(CodeIgniter\CLI\Console))
#12 C:\xampp\htdocs\githubProject\techmobile\spark(84): CodeIgniter\Boot::bootSpark(Object(Config\Paths))
#13 {main}
ERROR - 2025-05-24 12:31:44 --> mysqli_sql_exception: Invalid default value for 'created_at' in C:\xampp\htdocs\githubProject\techmobile\system\Database\MySQLi\Connection.php:327
Stack trace:
#0 C:\xampp\htdocs\githubProject\techmobile\system\Database\MySQLi\Connection.php(327): mysqli->query('CREATE TABLE `u...', 0)
#1 C:\xampp\htdocs\githubProject\techmobile\system\Database\BaseConnection.php(738): CodeIgniter\Database\MySQLi\Connection->execute('CREATE TABLE `u...')
#2 C:\xampp\htdocs\githubProject\techmobile\system\Database\BaseConnection.php(652): CodeIgniter\Database\BaseConnection->simpleQuery('CREATE TABLE `u...')
#3 C:\xampp\htdocs\githubProject\techmobile\system\Database\Forge.php(570): CodeIgniter\Database\BaseConnection->query('CREATE TABLE `u...')
#4 C:\xampp\htdocs\githubProject\techmobile\app\Database\Migrations\2025-05-24-120835_CreateUsersTable.php(30): CodeIgniter\Database\Forge->createTable('users')
#5 C:\xampp\htdocs\githubProject\techmobile\system\Database\MigrationRunner.php(866): App\Database\Migrations\CreateUsersTable->up()
#6 C:\xampp\htdocs\githubProject\techmobile\system\Database\MigrationRunner.php(182): CodeIgniter\Database\MigrationRunner->migrate('up', Object(stdClass))
#7 C:\xampp\htdocs\githubProject\techmobile\system\Commands\Database\Migrate.php(85): CodeIgniter\Database\MigrationRunner->latest(NULL)
#8 C:\xampp\htdocs\githubProject\techmobile\system\CLI\Commands.php(70): CodeIgniter\Commands\Database\Migrate->run(Array)
#9 C:\xampp\htdocs\githubProject\techmobile\system\CLI\Console.php(48): CodeIgniter\CLI\Commands->run('migrate', Array)
#10 C:\xampp\htdocs\githubProject\techmobile\system\Boot.php(360): CodeIgniter\CLI\Console->run()
#11 C:\xampp\htdocs\githubProject\techmobile\system\Boot.php(104): CodeIgniter\Boot::runCommand(Object(CodeIgniter\CLI\Console))
#12 C:\xampp\htdocs\githubProject\techmobile\spark(84): CodeIgniter\Boot::bootSpark(Object(Config\Paths))
#13 {main}
ERROR - 2025-05-24 12:38:09 --> mysqli_sql_exception: Table 'roles' already exists in C:\xampp\htdocs\githubProject\techmobile\system\Database\MySQLi\Connection.php:327
Stack trace:
#0 C:\xampp\htdocs\githubProject\techmobile\system\Database\MySQLi\Connection.php(327): mysqli->query('CREATE TABLE `r...', 0)
#1 C:\xampp\htdocs\githubProject\techmobile\system\Database\BaseConnection.php(738): CodeIgniter\Database\MySQLi\Connection->execute('CREATE TABLE `r...')
#2 C:\xampp\htdocs\githubProject\techmobile\system\Database\BaseConnection.php(652): CodeIgniter\Database\BaseConnection->simpleQuery('CREATE TABLE `r...')
#3 C:\xampp\htdocs\githubProject\techmobile\system\Database\Forge.php(570): CodeIgniter\Database\BaseConnection->query('CREATE TABLE `r...')
#4 C:\xampp\htdocs\githubProject\techmobile\app\Database\Migrations\2025-05-24-120803_CreaterolesTable.php(24): CodeIgniter\Database\Forge->createTable('roles')
#5 C:\xampp\htdocs\githubProject\techmobile\system\Database\MigrationRunner.php(866): App\Database\Migrations\CreateRolesTable->up()
#6 C:\xampp\htdocs\githubProject\techmobile\system\Database\MigrationRunner.php(182): CodeIgniter\Database\MigrationRunner->migrate('up', Object(stdClass))
#7 C:\xampp\htdocs\githubProject\techmobile\system\Commands\Database\Migrate.php(85): CodeIgniter\Database\MigrationRunner->latest(NULL)
#8 C:\xampp\htdocs\githubProject\techmobile\system\CLI\Commands.php(70): CodeIgniter\Commands\Database\Migrate->run(Array)
#9 C:\xampp\htdocs\githubProject\techmobile\system\CLI\Console.php(48): CodeIgniter\CLI\Commands->run('migrate', Array)
#10 C:\xampp\htdocs\githubProject\techmobile\system\Boot.php(360): CodeIgniter\CLI\Console->run()
#11 C:\xampp\htdocs\githubProject\techmobile\system\Boot.php(104): CodeIgniter\Boot::runCommand(Object(CodeIgniter\CLI\Console))
#12 C:\xampp\htdocs\githubProject\techmobile\spark(84): CodeIgniter\Boot::bootSpark(Object(Config\Paths))
#13 {main}
ERROR - 2025-05-24 12:39:23 --> mysqli_sql_exception: Table 'roles' already exists in C:\xampp\htdocs\githubProject\techmobile\system\Database\MySQLi\Connection.php:327
Stack trace:
#0 C:\xampp\htdocs\githubProject\techmobile\system\Database\MySQLi\Connection.php(327): mysqli->query('CREATE TABLE `r...', 0)
#1 C:\xampp\htdocs\githubProject\techmobile\system\Database\BaseConnection.php(738): CodeIgniter\Database\MySQLi\Connection->execute('CREATE TABLE `r...')
#2 C:\xampp\htdocs\githubProject\techmobile\system\Database\BaseConnection.php(652): CodeIgniter\Database\BaseConnection->simpleQuery('CREATE TABLE `r...')
#3 C:\xampp\htdocs\githubProject\techmobile\system\Database\Forge.php(570): CodeIgniter\Database\BaseConnection->query('CREATE TABLE `r...')
#4 C:\xampp\htdocs\githubProject\techmobile\app\Database\Migrations\2025-05-24-120803_CreaterolesTable.php(24): CodeIgniter\Database\Forge->createTable('roles')
#5 C:\xampp\htdocs\githubProject\techmobile\system\Database\MigrationRunner.php(866): App\Database\Migrations\CreateRolesTable->up()
#6 C:\xampp\htdocs\githubProject\techmobile\system\Database\MigrationRunner.php(182): CodeIgniter\Database\MigrationRunner->migrate('up', Object(stdClass))
#7 C:\xampp\htdocs\githubProject\techmobile\system\Commands\Database\Migrate.php(85): CodeIgniter\Database\MigrationRunner->latest(NULL)
#8 C:\xampp\htdocs\githubProject\techmobile\system\CLI\Commands.php(70): CodeIgniter\Commands\Database\Migrate->run(Array)
#9 C:\xampp\htdocs\githubProject\techmobile\system\CLI\Console.php(48): CodeIgniter\CLI\Commands->run('migrate', Array)
#10 C:\xampp\htdocs\githubProject\techmobile\system\Boot.php(360): CodeIgniter\CLI\Console->run()
#11 C:\xampp\htdocs\githubProject\techmobile\system\Boot.php(104): CodeIgniter\Boot::runCommand(Object(CodeIgniter\CLI\Console))
#12 C:\xampp\htdocs\githubProject\techmobile\spark(84): CodeIgniter\Boot::bootSpark(Object(Config\Paths))
#13 {main}
ERROR - 2025-05-24 12:40:56 --> mysqli_sql_exception: Invalid default value for 'created_at' in C:\xampp\htdocs\githubProject\techmobile\system\Database\MySQLi\Connection.php:327
Stack trace:
#0 C:\xampp\htdocs\githubProject\techmobile\system\Database\MySQLi\Connection.php(327): mysqli->query('CREATE TABLE `u...', 0)
#1 C:\xampp\htdocs\githubProject\techmobile\system\Database\BaseConnection.php(738): CodeIgniter\Database\MySQLi\Connection->execute('CREATE TABLE `u...')
#2 C:\xampp\htdocs\githubProject\techmobile\system\Database\BaseConnection.php(652): CodeIgniter\Database\BaseConnection->simpleQuery('CREATE TABLE `u...')
#3 C:\xampp\htdocs\githubProject\techmobile\system\Database\Forge.php(570): CodeIgniter\Database\BaseConnection->query('CREATE TABLE `u...')
#4 C:\xampp\htdocs\githubProject\techmobile\app\Database\Migrations\2025-05-24-120835_CreateUsersTable.php(45): CodeIgniter\Database\Forge->createTable('users')
#5 C:\xampp\htdocs\githubProject\techmobile\system\Database\MigrationRunner.php(866): App\Database\Migrations\CreateUsersTable->up()
#6 C:\xampp\htdocs\githubProject\techmobile\system\Database\MigrationRunner.php(182): CodeIgniter\Database\MigrationRunner->migrate('up', Object(stdClass))
#7 C:\xampp\htdocs\githubProject\techmobile\system\Commands\Database\Migrate.php(85): CodeIgniter\Database\MigrationRunner->latest(NULL)
#8 C:\xampp\htdocs\githubProject\techmobile\system\CLI\Commands.php(70): CodeIgniter\Commands\Database\Migrate->run(Array)
#9 C:\xampp\htdocs\githubProject\techmobile\system\CLI\Console.php(48): CodeIgniter\CLI\Commands->run('migrate', Array)
#10 C:\xampp\htdocs\githubProject\techmobile\system\Boot.php(360): CodeIgniter\CLI\Console->run()
#11 C:\xampp\htdocs\githubProject\techmobile\system\Boot.php(104): CodeIgniter\Boot::runCommand(Object(CodeIgniter\CLI\Console))
#12 C:\xampp\htdocs\githubProject\techmobile\spark(84): CodeIgniter\Boot::bootSpark(Object(Config\Paths))
#13 {main}
ERROR - 2025-05-24 12:43:49 --> mysqli_sql_exception: Invalid default value for 'created_at' in C:\xampp\htdocs\githubProject\techmobile\system\Database\MySQLi\Connection.php:327
Stack trace:
#0 C:\xampp\htdocs\githubProject\techmobile\system\Database\MySQLi\Connection.php(327): mysqli->query('CREATE TABLE `u...', 0)
#1 C:\xampp\htdocs\githubProject\techmobile\system\Database\BaseConnection.php(738): CodeIgniter\Database\MySQLi\Connection->execute('CREATE TABLE `u...')
#2 C:\xampp\htdocs\githubProject\techmobile\system\Database\BaseConnection.php(652): CodeIgniter\Database\BaseConnection->simpleQuery('CREATE TABLE `u...')
#3 C:\xampp\htdocs\githubProject\techmobile\system\Database\Forge.php(570): CodeIgniter\Database\BaseConnection->query('CREATE TABLE `u...')
#4 C:\xampp\htdocs\githubProject\techmobile\app\Database\Migrations\2025-05-24-120835_CreateUsersTable.php(45): CodeIgniter\Database\Forge->createTable('users')
#5 C:\xampp\htdocs\githubProject\techmobile\system\Database\MigrationRunner.php(866): App\Database\Migrations\CreateUsersTable->up()
#6 C:\xampp\htdocs\githubProject\techmobile\system\Database\MigrationRunner.php(182): CodeIgniter\Database\MigrationRunner->migrate('up', Object(stdClass))
#7 C:\xampp\htdocs\githubProject\techmobile\system\Commands\Database\Migrate.php(85): CodeIgniter\Database\MigrationRunner->latest(NULL)
#8 C:\xampp\htdocs\githubProject\techmobile\system\CLI\Commands.php(70): CodeIgniter\Commands\Database\Migrate->run(Array)
#9 C:\xampp\htdocs\githubProject\techmobile\system\CLI\Console.php(48): CodeIgniter\CLI\Commands->run('migrate', Array)
#10 C:\xampp\htdocs\githubProject\techmobile\system\Boot.php(360): CodeIgniter\CLI\Console->run()
#11 C:\xampp\htdocs\githubProject\techmobile\system\Boot.php(104): CodeIgniter\Boot::runCommand(Object(CodeIgniter\CLI\Console))
#12 C:\xampp\htdocs\githubProject\techmobile\spark(84): CodeIgniter\Boot::bootSpark(Object(Config\Paths))
#13 {main}
ERROR - 2025-05-24 12:47:16 --> mysqli_sql_exception: Can't create table `techmobile`.`products` (errno: 150 "Foreign key constraint is incorrectly formed") in C:\xampp\htdocs\githubProject\techmobile\system\Database\MySQLi\Connection.php:327
Stack trace:
#0 C:\xampp\htdocs\githubProject\techmobile\system\Database\MySQLi\Connection.php(327): mysqli->query('CREATE TABLE `p...', 0)
#1 C:\xampp\htdocs\githubProject\techmobile\system\Database\BaseConnection.php(738): CodeIgniter\Database\MySQLi\Connection->execute('CREATE TABLE `p...')
#2 C:\xampp\htdocs\githubProject\techmobile\system\Database\BaseConnection.php(652): CodeIgniter\Database\BaseConnection->simpleQuery('CREATE TABLE `p...')
#3 C:\xampp\htdocs\githubProject\techmobile\system\Database\Forge.php(570): CodeIgniter\Database\BaseConnection->query('CREATE TABLE `p...')
#4 C:\xampp\htdocs\githubProject\techmobile\app\Database\Migrations\2025-05-24-121152_CreateproductsTable.php(22): CodeIgniter\Database\Forge->createTable('products')
#5 C:\xampp\htdocs\githubProject\techmobile\system\Database\MigrationRunner.php(866): App\Database\Migrations\CreateProductsTable->up()
#6 C:\xampp\htdocs\githubProject\techmobile\system\Database\MigrationRunner.php(182): CodeIgniter\Database\MigrationRunner->migrate('up', Object(stdClass))
#7 C:\xampp\htdocs\githubProject\techmobile\system\Commands\Database\Migrate.php(85): CodeIgniter\Database\MigrationRunner->latest(NULL)
#8 C:\xampp\htdocs\githubProject\techmobile\system\CLI\Commands.php(70): CodeIgniter\Commands\Database\Migrate->run(Array)
#9 C:\xampp\htdocs\githubProject\techmobile\system\CLI\Console.php(48): CodeIgniter\CLI\Commands->run('migrate', Array)
#10 C:\xampp\htdocs\githubProject\techmobile\system\Boot.php(360): CodeIgniter\CLI\Console->run()
#11 C:\xampp\htdocs\githubProject\techmobile\system\Boot.php(104): CodeIgniter\Boot::runCommand(Object(CodeIgniter\CLI\Console))
#12 C:\xampp\htdocs\githubProject\techmobile\spark(84): CodeIgniter\Boot::bootSpark(Object(Config\Paths))
#13 {main}
ERROR - 2025-05-24 12:59:06 --> mysqli_sql_exception: Table 'roles' already exists in C:\xampp\htdocs\githubProject\techmobile\system\Database\MySQLi\Connection.php:327
Stack trace:
#0 C:\xampp\htdocs\githubProject\techmobile\system\Database\MySQLi\Connection.php(327): mysqli->query('CREATE TABLE `r...', 0)
#1 C:\xampp\htdocs\githubProject\techmobile\system\Database\BaseConnection.php(738): CodeIgniter\Database\MySQLi\Connection->execute('CREATE TABLE `r...')
#2 C:\xampp\htdocs\githubProject\techmobile\system\Database\BaseConnection.php(652): CodeIgniter\Database\BaseConnection->simpleQuery('CREATE TABLE `r...')
#3 C:\xampp\htdocs\githubProject\techmobile\system\Database\Forge.php(570): CodeIgniter\Database\BaseConnection->query('CREATE TABLE `r...')
#4 C:\xampp\htdocs\githubProject\techmobile\app\Database\Migrations\2025-05-24-125259_CreateRolesTable.php(16): CodeIgniter\Database\Forge->createTable('roles')
#5 C:\xampp\htdocs\githubProject\techmobile\system\Database\MigrationRunner.php(866): App\Database\Migrations\CreateRolesTable->up()
#6 C:\xampp\htdocs\githubProject\techmobile\system\Database\MigrationRunner.php(182): CodeIgniter\Database\MigrationRunner->migrate('up', Object(stdClass))
#7 C:\xampp\htdocs\githubProject\techmobile\system\Commands\Database\Migrate.php(85): CodeIgniter\Database\MigrationRunner->latest(NULL)
#8 C:\xampp\htdocs\githubProject\techmobile\system\CLI\Commands.php(70): CodeIgniter\Commands\Database\Migrate->run(Array)
#9 C:\xampp\htdocs\githubProject\techmobile\system\CLI\Console.php(48): CodeIgniter\CLI\Commands->run('migrate', Array)
#10 C:\xampp\htdocs\githubProject\techmobile\system\Boot.php(360): CodeIgniter\CLI\Console->run()
#11 C:\xampp\htdocs\githubProject\techmobile\system\Boot.php(104): CodeIgniter\Boot::runCommand(Object(CodeIgniter\CLI\Console))
#12 C:\xampp\htdocs\githubProject\techmobile\spark(84): CodeIgniter\Boot::bootSpark(Object(Config\Paths))
#13 {main}
ERROR - 2025-05-24 13:00:00 --> mysqli_sql_exception: Invalid default value for 'created_at' in C:\xampp\htdocs\githubProject\techmobile\system\Database\MySQLi\Connection.php:327
Stack trace:
#0 C:\xampp\htdocs\githubProject\techmobile\system\Database\MySQLi\Connection.php(327): mysqli->query('CREATE TABLE `u...', 0)
#1 C:\xampp\htdocs\githubProject\techmobile\system\Database\BaseConnection.php(738): CodeIgniter\Database\MySQLi\Connection->execute('CREATE TABLE `u...')
#2 C:\xampp\htdocs\githubProject\techmobile\system\Database\BaseConnection.php(652): CodeIgniter\Database\BaseConnection->simpleQuery('CREATE TABLE `u...')
#3 C:\xampp\htdocs\githubProject\techmobile\system\Database\Forge.php(570): CodeIgniter\Database\BaseConnection->query('CREATE TABLE `u...')
#4 C:\xampp\htdocs\githubProject\techmobile\app\Database\Migrations\2025-05-24-125259_CreateUsersTable.php(25): CodeIgniter\Database\Forge->createTable('users')
#5 C:\xampp\htdocs\githubProject\techmobile\system\Database\MigrationRunner.php(866): App\Database\Migrations\CreateUsersTable->up()
#6 C:\xampp\htdocs\githubProject\techmobile\system\Database\MigrationRunner.php(182): CodeIgniter\Database\MigrationRunner->migrate('up', Object(stdClass))
#7 C:\xampp\htdocs\githubProject\techmobile\system\Commands\Database\Migrate.php(85): CodeIgniter\Database\MigrationRunner->latest(NULL)
#8 C:\xampp\htdocs\githubProject\techmobile\system\CLI\Commands.php(70): CodeIgniter\Commands\Database\Migrate->run(Array)
#9 C:\xampp\htdocs\githubProject\techmobile\system\CLI\Console.php(48): CodeIgniter\CLI\Commands->run('migrate', Array)
#10 C:\xampp\htdocs\githubProject\techmobile\system\Boot.php(360): CodeIgniter\CLI\Console->run()
#11 C:\xampp\htdocs\githubProject\techmobile\system\Boot.php(104): CodeIgniter\Boot::runCommand(Object(CodeIgniter\CLI\Console))
#12 C:\xampp\htdocs\githubProject\techmobile\spark(84): CodeIgniter\Boot::bootSpark(Object(Config\Paths))
#13 {main}
ERROR - 2025-05-24 13:02:29 --> mysqli_sql_exception: Can't create table `techmobile`.`cart_items` (errno: 150 "Foreign key constraint is incorrectly formed") in C:\xampp\htdocs\githubProject\techmobile\system\Database\MySQLi\Connection.php:327
Stack trace:
#0 C:\xampp\htdocs\githubProject\techmobile\system\Database\MySQLi\Connection.php(327): mysqli->query('CREATE TABLE `c...', 0)
#1 C:\xampp\htdocs\githubProject\techmobile\system\Database\BaseConnection.php(738): CodeIgniter\Database\MySQLi\Connection->execute('CREATE TABLE `c...')
#2 C:\xampp\htdocs\githubProject\techmobile\system\Database\BaseConnection.php(652): CodeIgniter\Database\BaseConnection->simpleQuery('CREATE TABLE `c...')
#3 C:\xampp\htdocs\githubProject\techmobile\system\Database\Forge.php(570): CodeIgniter\Database\BaseConnection->query('CREATE TABLE `c...')
#4 C:\xampp\htdocs\githubProject\techmobile\app\Database\Migrations\2025-05-24-125300_CreateCartItemsTable.php(21): CodeIgniter\Database\Forge->createTable('cart_items')
#5 C:\xampp\htdocs\githubProject\techmobile\system\Database\MigrationRunner.php(866): App\Database\Migrations\CreateCartItemsTable->up()
#6 C:\xampp\htdocs\githubProject\techmobile\system\Database\MigrationRunner.php(182): CodeIgniter\Database\MigrationRunner->migrate('up', Object(stdClass))
#7 C:\xampp\htdocs\githubProject\techmobile\system\Commands\Database\Migrate.php(85): CodeIgniter\Database\MigrationRunner->latest(NULL)
#8 C:\xampp\htdocs\githubProject\techmobile\system\CLI\Commands.php(70): CodeIgniter\Commands\Database\Migrate->run(Array)
#9 C:\xampp\htdocs\githubProject\techmobile\system\CLI\Console.php(48): CodeIgniter\CLI\Commands->run('migrate', Array)
#10 C:\xampp\htdocs\githubProject\techmobile\system\Boot.php(360): CodeIgniter\CLI\Console->run()
#11 C:\xampp\htdocs\githubProject\techmobile\system\Boot.php(104): CodeIgniter\Boot::runCommand(Object(CodeIgniter\CLI\Console))
#12 C:\xampp\htdocs\githubProject\techmobile\spark(84): CodeIgniter\Boot::bootSpark(Object(Config\Paths))
#13 {main}
ERROR - 2025-05-24 13:04:36 --> mysqli_sql_exception: Can't create table `techmobile`.`cart_items` (errno: 150 "Foreign key constraint is incorrectly formed") in C:\xampp\htdocs\githubProject\techmobile\system\Database\MySQLi\Connection.php:327
Stack trace:
#0 C:\xampp\htdocs\githubProject\techmobile\system\Database\MySQLi\Connection.php(327): mysqli->query('CREATE TABLE `c...', 0)
#1 C:\xampp\htdocs\githubProject\techmobile\system\Database\BaseConnection.php(738): CodeIgniter\Database\MySQLi\Connection->execute('CREATE TABLE `c...')
#2 C:\xampp\htdocs\githubProject\techmobile\system\Database\BaseConnection.php(652): CodeIgniter\Database\BaseConnection->simpleQuery('CREATE TABLE `c...')
#3 C:\xampp\htdocs\githubProject\techmobile\system\Database\Forge.php(570): CodeIgniter\Database\BaseConnection->query('CREATE TABLE `c...')
#4 C:\xampp\htdocs\githubProject\techmobile\app\Database\Migrations\2025-05-24-125300_CreateCartItemsTable.php(22): CodeIgniter\Database\Forge->createTable('cart_items')
#5 C:\xampp\htdocs\githubProject\techmobile\system\Database\MigrationRunner.php(866): App\Database\Migrations\CreateCartItemsTable->up()
#6 C:\xampp\htdocs\githubProject\techmobile\system\Database\MigrationRunner.php(182): CodeIgniter\Database\MigrationRunner->migrate('up', Object(stdClass))
#7 C:\xampp\htdocs\githubProject\techmobile\system\Commands\Database\Migrate.php(85): CodeIgniter\Database\MigrationRunner->latest(NULL)
#8 C:\xampp\htdocs\githubProject\techmobile\system\CLI\Commands.php(70): CodeIgniter\Commands\Database\Migrate->run(Array)
#9 C:\xampp\htdocs\githubProject\techmobile\system\CLI\Console.php(48): CodeIgniter\CLI\Commands->run('migrate', Array)
#10 C:\xampp\htdocs\githubProject\techmobile\system\Boot.php(360): CodeIgniter\CLI\Console->run()
#11 C:\xampp\htdocs\githubProject\techmobile\system\Boot.php(104): CodeIgniter\Boot::runCommand(Object(CodeIgniter\CLI\Console))
#12 C:\xampp\htdocs\githubProject\techmobile\spark(84): CodeIgniter\Boot::bootSpark(Object(Config\Paths))
#13 {main}
ERROR - 2025-05-24 13:06:31 --> mysqli_sql_exception: Unknown table 'techmobile.brands' in C:\xampp\htdocs\githubProject\techmobile\system\Database\MySQLi\Connection.php:327
Stack trace:
#0 C:\xampp\htdocs\githubProject\techmobile\system\Database\MySQLi\Connection.php(327): mysqli->query('DROP TABLE `bra...', 0)
#1 C:\xampp\htdocs\githubProject\techmobile\system\Database\BaseConnection.php(738): CodeIgniter\Database\MySQLi\Connection->execute('DROP TABLE `bra...')
#2 C:\xampp\htdocs\githubProject\techmobile\system\Database\BaseConnection.php(652): CodeIgniter\Database\BaseConnection->simpleQuery('DROP TABLE `bra...')
#3 C:\xampp\htdocs\githubProject\techmobile\system\Database\Forge.php(663): CodeIgniter\Database\BaseConnection->query('DROP TABLE `bra...')
#4 C:\xampp\htdocs\githubProject\techmobile\app\Database\Migrations\2025-05-24-125300_CreateBrandsTable.php(21): CodeIgniter\Database\Forge->dropTable('brands')
#5 C:\xampp\htdocs\githubProject\techmobile\system\Database\MigrationRunner.php(866): App\Database\Migrations\CreateBrandsTable->down()
#6 C:\xampp\htdocs\githubProject\techmobile\system\Database\MigrationRunner.php(289): CodeIgniter\Database\MigrationRunner->migrate('down', Object(stdClass))
#7 C:\xampp\htdocs\githubProject\techmobile\system\Commands\Database\MigrateRollback.php(101): CodeIgniter\Database\MigrationRunner->regress(4)
#8 C:\xampp\htdocs\githubProject\techmobile\system\CLI\Commands.php(70): CodeIgniter\Commands\Database\MigrateRollback->run(Array)
#9 C:\xampp\htdocs\githubProject\techmobile\system\CLI\Console.php(48): CodeIgniter\CLI\Commands->run('migrate:rollbac...', Array)
#10 C:\xampp\htdocs\githubProject\techmobile\system\Boot.php(360): CodeIgniter\CLI\Console->run()
#11 C:\xampp\htdocs\githubProject\techmobile\system\Boot.php(104): CodeIgniter\Boot::runCommand(Object(CodeIgniter\CLI\Console))
#12 C:\xampp\htdocs\githubProject\techmobile\spark(84): CodeIgniter\Boot::bootSpark(Object(Config\Paths))
#13 {main}
ERROR - 2025-05-24 13:07:49 --> mysqli_sql_exception: Can't create table `techmobile`.`cart_items` (errno: 150 "Foreign key constraint is incorrectly formed") in C:\xampp\htdocs\githubProject\techmobile\system\Database\MySQLi\Connection.php:327
Stack trace:
#0 C:\xampp\htdocs\githubProject\techmobile\system\Database\MySQLi\Connection.php(327): mysqli->query('CREATE TABLE `c...', 0)
#1 C:\xampp\htdocs\githubProject\techmobile\system\Database\BaseConnection.php(738): CodeIgniter\Database\MySQLi\Connection->execute('CREATE TABLE `c...')
#2 C:\xampp\htdocs\githubProject\techmobile\system\Database\BaseConnection.php(652): CodeIgniter\Database\BaseConnection->simpleQuery('CREATE TABLE `c...')
#3 C:\xampp\htdocs\githubProject\techmobile\system\Database\Forge.php(570): CodeIgniter\Database\BaseConnection->query('CREATE TABLE `c...')
#4 C:\xampp\htdocs\githubProject\techmobile\app\Database\Migrations\2025-05-24-125300_CreateCartItemsTable.php(22): CodeIgniter\Database\Forge->createTable('cart_items')
#5 C:\xampp\htdocs\githubProject\techmobile\system\Database\MigrationRunner.php(866): App\Database\Migrations\CreateCartItemsTable->up()
#6 C:\xampp\htdocs\githubProject\techmobile\system\Database\MigrationRunner.php(182): CodeIgniter\Database\MigrationRunner->migrate('up', Object(stdClass))
#7 C:\xampp\htdocs\githubProject\techmobile\system\Commands\Database\Migrate.php(85): CodeIgniter\Database\MigrationRunner->latest(NULL)
#8 C:\xampp\htdocs\githubProject\techmobile\system\CLI\Commands.php(70): CodeIgniter\Commands\Database\Migrate->run(Array)
#9 C:\xampp\htdocs\githubProject\techmobile\system\CLI\Console.php(48): CodeIgniter\CLI\Commands->run('migrate', Array)
#10 C:\xampp\htdocs\githubProject\techmobile\system\Boot.php(360): CodeIgniter\CLI\Console->run()
#11 C:\xampp\htdocs\githubProject\techmobile\system\Boot.php(104): CodeIgniter\Boot::runCommand(Object(CodeIgniter\CLI\Console))
#12 C:\xampp\htdocs\githubProject\techmobile\spark(84): CodeIgniter\Boot::bootSpark(Object(Config\Paths))
#13 {main}
ERROR - 2025-05-24 13:26:20 --> mysqli_sql_exception: Table 'roles' already exists in C:\xampp\htdocs\githubProject\techmobile\system\Database\MySQLi\Connection.php:327
Stack trace:
#0 C:\xampp\htdocs\githubProject\techmobile\system\Database\MySQLi\Connection.php(327): mysqli->query('CREATE TABLE `r...', 0)
#1 C:\xampp\htdocs\githubProject\techmobile\system\Database\BaseConnection.php(738): CodeIgniter\Database\MySQLi\Connection->execute('CREATE TABLE `r...')
#2 C:\xampp\htdocs\githubProject\techmobile\system\Database\BaseConnection.php(652): CodeIgniter\Database\BaseConnection->simpleQuery('CREATE TABLE `r...')
#3 C:\xampp\htdocs\githubProject\techmobile\system\Database\Forge.php(570): CodeIgniter\Database\BaseConnection->query('CREATE TABLE `r...')
#4 C:\xampp\htdocs\githubProject\techmobile\app\Database\Migrations\2025-05-24-131902_CreateRolesTable.php(16): CodeIgniter\Database\Forge->createTable('roles')
#5 C:\xampp\htdocs\githubProject\techmobile\system\Database\MigrationRunner.php(866): App\Database\Migrations\CreateRolesTable->up()
#6 C:\xampp\htdocs\githubProject\techmobile\system\Database\MigrationRunner.php(182): CodeIgniter\Database\MigrationRunner->migrate('up', Object(stdClass))
#7 C:\xampp\htdocs\githubProject\techmobile\system\Commands\Database\Migrate.php(85): CodeIgniter\Database\MigrationRunner->latest(NULL)
#8 C:\xampp\htdocs\githubProject\techmobile\system\CLI\Commands.php(70): CodeIgniter\Commands\Database\Migrate->run(Array)
#9 C:\xampp\htdocs\githubProject\techmobile\system\CLI\Console.php(48): CodeIgniter\CLI\Commands->run('migrate', Array)
#10 C:\xampp\htdocs\githubProject\techmobile\system\Boot.php(360): CodeIgniter\CLI\Console->run()
#11 C:\xampp\htdocs\githubProject\techmobile\system\Boot.php(104): CodeIgniter\Boot::runCommand(Object(CodeIgniter\CLI\Console))
#12 C:\xampp\htdocs\githubProject\techmobile\spark(84): CodeIgniter\Boot::bootSpark(Object(Config\Paths))
#13 {main}
ERROR - 2025-05-24 13:26:55 --> mysqli_sql_exception: Invalid default value for 'created_at' in C:\xampp\htdocs\githubProject\techmobile\system\Database\MySQLi\Connection.php:327
Stack trace:
#0 C:\xampp\htdocs\githubProject\techmobile\system\Database\MySQLi\Connection.php(327): mysqli->query('CREATE TABLE `u...', 0)
#1 C:\xampp\htdocs\githubProject\techmobile\system\Database\BaseConnection.php(738): CodeIgniter\Database\MySQLi\Connection->execute('CREATE TABLE `u...')
#2 C:\xampp\htdocs\githubProject\techmobile\system\Database\BaseConnection.php(652): CodeIgniter\Database\BaseConnection->simpleQuery('CREATE TABLE `u...')
#3 C:\xampp\htdocs\githubProject\techmobile\system\Database\Forge.php(570): CodeIgniter\Database\BaseConnection->query('CREATE TABLE `u...')
#4 C:\xampp\htdocs\githubProject\techmobile\app\Database\Migrations\2025-05-24-131910_CreateUsersTable.php(25): CodeIgniter\Database\Forge->createTable('users')
#5 C:\xampp\htdocs\githubProject\techmobile\system\Database\MigrationRunner.php(866): App\Database\Migrations\CreateUsersTable->up()
#6 C:\xampp\htdocs\githubProject\techmobile\system\Database\MigrationRunner.php(182): CodeIgniter\Database\MigrationRunner->migrate('up', Object(stdClass))
#7 C:\xampp\htdocs\githubProject\techmobile\system\Commands\Database\Migrate.php(85): CodeIgniter\Database\MigrationRunner->latest(NULL)
#8 C:\xampp\htdocs\githubProject\techmobile\system\CLI\Commands.php(70): CodeIgniter\Commands\Database\Migrate->run(Array)
#9 C:\xampp\htdocs\githubProject\techmobile\system\CLI\Console.php(48): CodeIgniter\CLI\Commands->run('migrate', Array)
#10 C:\xampp\htdocs\githubProject\techmobile\system\Boot.php(360): CodeIgniter\CLI\Console->run()
#11 C:\xampp\htdocs\githubProject\techmobile\system\Boot.php(104): CodeIgniter\Boot::runCommand(Object(CodeIgniter\CLI\Console))
#12 C:\xampp\htdocs\githubProject\techmobile\spark(84): CodeIgniter\Boot::bootSpark(Object(Config\Paths))
#13 {main}
ERROR - 2025-05-24 13:28:32 --> mysqli_sql_exception: Invalid default value for 'changed_at' in C:\xampp\htdocs\githubProject\techmobile\system\Database\MySQLi\Connection.php:327
Stack trace:
#0 C:\xampp\htdocs\githubProject\techmobile\system\Database\MySQLi\Connection.php(327): mysqli->query('CREATE TABLE `o...', 0)
#1 C:\xampp\htdocs\githubProject\techmobile\system\Database\BaseConnection.php(738): CodeIgniter\Database\MySQLi\Connection->execute('CREATE TABLE `o...')
#2 C:\xampp\htdocs\githubProject\techmobile\system\Database\BaseConnection.php(652): CodeIgniter\Database\BaseConnection->simpleQuery('CREATE TABLE `o...')
#3 C:\xampp\htdocs\githubProject\techmobile\system\Database\Forge.php(570): CodeIgniter\Database\BaseConnection->query('CREATE TABLE `o...')
#4 C:\xampp\htdocs\githubProject\techmobile\app\Database\Migrations\2025-05-24-132037_CreateOrderLogsTable.php(20): CodeIgniter\Database\Forge->createTable('order_logs')
#5 C:\xampp\htdocs\githubProject\techmobile\system\Database\MigrationRunner.php(866): App\Database\Migrations\CreateOrderLogsTable->up()
#6 C:\xampp\htdocs\githubProject\techmobile\system\Database\MigrationRunner.php(182): CodeIgniter\Database\MigrationRunner->migrate('up', Object(stdClass))
#7 C:\xampp\htdocs\githubProject\techmobile\system\Commands\Database\Migrate.php(85): CodeIgniter\Database\MigrationRunner->latest(NULL)
#8 C:\xampp\htdocs\githubProject\techmobile\system\CLI\Commands.php(70): CodeIgniter\Commands\Database\Migrate->run(Array)
#9 C:\xampp\htdocs\githubProject\techmobile\system\CLI\Console.php(48): CodeIgniter\CLI\Commands->run('migrate', Array)
#10 C:\xampp\htdocs\githubProject\techmobile\system\Boot.php(360): CodeIgniter\CLI\Console->run()
#11 C:\xampp\htdocs\githubProject\techmobile\system\Boot.php(104): CodeIgniter\Boot::runCommand(Object(CodeIgniter\CLI\Console))
#12 C:\xampp\htdocs\githubProject\techmobile\spark(84): CodeIgniter\Boot::bootSpark(Object(Config\Paths))
#13 {main}
